
["DateTime"]: [2022-02-01 09:17:39]
Ativado/Desativado por: null
 Depois Plano: {"id":1,"nome":"teste","valor":"250.00","comissao":"75.00","parcelas":3,"ativo":1}

["DateTime"]: [2022-02-01 09:17:40]
Ativado/Desativado por: null
 Depois Plano: {"id":1,"nome":"teste","valor":"250.00","comissao":"75.00","parcelas":3,"ativo":0}

["DateTime"]: [2022-02-01 10:01:07]
Atualizado por: {"id":1,"name":"Sistema","email":"admin@admin.com","theme":"default"}
Antes das atualizações: {"id":1,"nome":"teste","valor":"250.00","comissao":"75.00","parcelas":3,"ativo":1}
After updates Taxa: {"id":1,"nome":"teste edita","valor":"120.00","comissao":"50.00","parcelas":"3","ativo":1}

["DateTime"]: [2022-02-01 10:01:11]
Ativado/Desativado por: null
 Depois Plano: {"id":1,"nome":"teste edita","valor":"120.00","comissao":"50.00","parcelas":3,"ativo":1}

["DateTime"]: [2022-02-01 10:01:12]
Ativado/Desativado por: null
 Depois Plano: {"id":1,"nome":"teste edita","valor":"120.00","comissao":"50.00","parcelas":3,"ativo":0}

["DateTime"]: [2022-02-01 10:01:36]
Criado por: {"id":1,"name":"Sistema","email":"admin@admin.com","email_verified_at":null,"theme":"default","created_at":null,"updated_at":"2022-01-28 18:21:47","roles":[{"id":1,"name":"Super Admin","guard_name":"web","title":"Super Admin","created_at":null,"updated_at":null,"pivot":{"model_id":1,"role_id":1,"model_type":"App\\Models\\User"}}]}
Nova Taxa: {"nome":"teste edit","valor":"80.00","comissao":"25.00","parcelas":"2","updated_at":"2022-02-01T13:01:36.000000Z","created_at":"2022-02-01T13:01:36.000000Z","id":2}

["DateTime"]: [2022-02-01 10:07:14]
Criado por: {"id":1,"name":"Sistema","email":"admin@admin.com","email_verified_at":null,"theme":"default","created_at":null,"updated_at":"2022-01-28 18:21:47","roles":[{"id":1,"name":"Super Admin","guard_name":"web","title":"Super Admin","created_at":null,"updated_at":null,"pivot":{"model_id":1,"role_id":1,"model_type":"App\\Models\\User"}}]}
Nova Taxa: {"nome":"teste","valor":"80.00","comissao":"25.00","parcelas":"2","updated_at":"2022-02-01T13:07:14.000000Z","created_at":"2022-02-01T13:07:14.000000Z","id":3}

["DateTime"]: [2022-02-01 10:07:21]
Ativado/Desativado por: null
 Depois Plano: {"id":3,"nome":"teste","valor":"80.00","comissao":"25.00","parcelas":2,"ativo":1}

["DateTime"]: [2022-02-01 13:43:13]
Criado por: {"id":1,"name":"Sistema","email":"admin@admin.com","email_verified_at":null,"theme":"default","created_at":null,"updated_at":null,"permissions":[],"roles":[{"id":1,"name":"Super Admin","guard_name":"web","title":"Super Admin","created_at":null,"updated_at":null,"pivot":{"model_id":1,"role_id":1,"model_type":"App\\Models\\User"}}]}
Novo Plano: {"nome":"Plano 01","percentual":"10","limite":"4999.99","updated_at":"2022-02-01T16:43:13.000000Z","created_at":"2022-02-01T16:43:13.000000Z","id":1}
